Using pre-set license
Built from '2021.3/staging' branch; Version is '2021.3.8f1 (b30333d56e81) revision 11731763'; Using compiler version '192829333'; Build Type 'Release'
OS: 'Windows 11  (10.0.22000) 64bit Professional' Language: 'en' Physical Memory: 8071 MB
BatchMode: 1, IsHumanControllingUs: 0, StartBugReporterOnCrash: 0, Is64bit: 1, IsPro: 1

COMMAND LINE ARGUMENTS:
C:\Program Files\Unity\Hub\Editor\2021.3.8f1\Editor\Unity.exe
-adb2
-batchMode
-noUpm
-name
AssetImportWorker62
-projectPath
C:/Users/kriss/Desktop/ArRingProject
-logFile
Logs/AssetImportWorker62.log
-srvPort
54635
Successfully changed project path to: C:/Users/kriss/Desktop/ArRingProject
C:/Users/kriss/Desktop/ArRingProject
[UnityMemory] Configuration Parameters - Can be set up in boot.config
    "memorysetup-bucket-allocator-granularity=16"
    "memorysetup-bucket-allocator-bucket-count=8"
    "memorysetup-bucket-allocator-block-size=33554432"
    "memorysetup-bucket-allocator-block-count=8"
    "memorysetup-main-allocator-block-size=16777216"
    "memorysetup-thread-allocator-block-size=16777216"
    "memorysetup-gfx-main-allocator-block-size=16777216"
    "memorysetup-gfx-thread-allocator-block-size=16777216"
    "memorysetup-cache-allocator-block-size=4194304"
    "memorysetup-typetree-allocator-block-size=2097152"
    "memorysetup-profiler-bucket-allocator-granularity=16"
    "memorysetup-profiler-bucket-allocator-bucket-count=8"
    "memorysetup-profiler-bucket-allocator-block-size=33554432"
    "memorysetup-profiler-bucket-allocator-block-count=8"
    "memorysetup-profiler-allocator-block-size=16777216"
    "memorysetup-profiler-editor-allocator-block-size=1048576"
    "memorysetup-temp-allocator-size-main=16777216"
    "memorysetup-job-temp-allocator-block-size=2097152"
    "memorysetup-job-temp-allocator-block-size-background=1048576"
    "memorysetup-job-temp-allocator-reduction-small-platforms=262144"
    "memorysetup-temp-allocator-size-background-worker=32768"
    "memorysetup-temp-allocator-size-job-worker=262144"
    "memorysetup-temp-allocator-size-preload-manager=33554432"
    "memorysetup-temp-allocator-size-nav-mesh-worker=65536"
    "memorysetup-temp-allocator-size-audio-worker=65536"
    "memorysetup-temp-allocator-size-cloud-worker=32768"
    "memorysetup-temp-allocator-size-gi-baking-worker=262144"
    "memorysetup-temp-allocator-size-gfx=262144"
Refreshing native plugins compatible for Editor in 200.84 ms, found 2 plugins.
Preloading 0 native plugins for Editor in 0.00 ms.
Initialize engine version: 2021.3.8f1 (b30333d56e81)
[Subsystems] Discovering subsystems at path C:/Program Files/Unity/Hub/Editor/2021.3.8f1/Editor/Data/Resources/UnitySubsystems
[Subsystems] Discovering subsystems at path C:/Users/kriss/Desktop/ArRingProject/Assets
GfxDevice: creating device client; threaded=0; jobified=0
Direct3D:
    Version:  Direct3D 11.0 [level 11.0]
    Renderer: NVIDIA GeForce MX130 (ID=0x174d)
    Vendor:   NVIDIA
    VRAM:     2010 MB
    Driver:   27.21.14.5763
Initialize mono
Mono path[0] = 'C:/Program Files/Unity/Hub/Editor/2021.3.8f1/Editor/Data/Managed'
Mono path[1] = 'C:/Program Files/Unity/Hub/Editor/2021.3.8f1/Editor/Data/MonoBleedingEdge/lib/mono/unityjit-win32'
Mono config path = 'C:/Program Files/Unity/Hub/Editor/2021.3.8f1/Editor/Data/MonoBleedingEdge/etc'
Using monoOptions --debugger-agent=transport=dt_socket,embedding=1,server=y,suspend=n,address=127.0.0.1:56256
Begin MonoManager ReloadAssembly
Registering precompiled unity dll's ...
Register platform support module: C:/Program Files/Unity/Hub/Editor/2021.3.8f1/Editor/Data/PlaybackEngines/WebGLSupport/UnityEditor.WebGL.Extensions.dll
Register platform support module: C:/Program Files/Unity/Hub/Editor/2021.3.8f1/Editor/Data/PlaybackEngines/AndroidPlayer/UnityEditor.Android.Extensions.dll
Register platform support module: C:/Program Files/Unity/Hub/Editor/2021.3.8f1/Editor/Data/PlaybackEngines/WindowsStandaloneSupport/UnityEditor.WindowsStandalone.Extensions.dll
Registered in 0.030467 seconds.
Native extension for WindowsStandalone target not found
Native extension for Android target not found
Native extension for WebGL target not found
Refreshing native plugins compatible for Editor in 262.52 ms, found 2 plugins.
Preloading 0 native plugins for Editor in 0.00 ms.
Mono: successfully reloaded assembly
- Completed reload, in  5.107 seconds
Domain Reload Profiling:
	ReloadAssembly (5111ms)
		BeginReloadAssembly (668ms)
			ExecutionOrderSort (0ms)
			DisableScriptedObjects (0ms)
			BackupInstance (0ms)
			ReleaseScriptingObjects (0ms)
			CreateAndSetChildDomain (4ms)
		EndReloadAssembly (3448ms)
			LoadAssemblies (578ms)
			RebuildTransferFunctionScriptingTraits (0ms)
			SetupTypeCache (1069ms)
			ReleaseScriptCaches (0ms)
			RebuildScriptCaches (173ms)
			SetupLoadedEditorAssemblies (1936ms)
				LogAssemblyErrors (0ms)
				InitializePlatformSupportModulesInManaged (350ms)
				SetLoadedEditorAssemblies (1ms)
				RefreshPlugins (263ms)
				BeforeProcessingInitializeOnLoad (14ms)
				ProcessInitializeOnLoadAttributes (751ms)
				ProcessInitializeOnLoadMethodAttributes (557ms)
				AfterProcessingInitializeOnLoad (0ms)
				EditorAssembliesLoaded (1ms)
			ExecutionOrderSort2 (0ms)
			AwakeInstancesAfterBackupRestoration (0ms)
Platform modules already initialized, skipping
Registering precompiled user dll's ...
Registered in 0.057410 seconds.
Android Extension - Scanning For ADB Devices 2165 ms
Begin MonoManager ReloadAssembly
Native extension for WindowsStandalone target not found
Native extension for Android target not found
Native extension for WebGL target not found
Refreshing native plugins compatible for Editor in 1.84 ms, found 2 plugins.
Preloading 0 native plugins for Editor in 0.00 ms.
Package Manager log level set to [2]
Mono: successfully reloaded assembly
- Completed reload, in  6.492 seconds
Domain Reload Profiling:
	ReloadAssembly (6496ms)
		BeginReloadAssembly (689ms)
			ExecutionOrderSort (0ms)
			DisableScriptedObjects (45ms)
			BackupInstance (0ms)
			ReleaseScriptingObjects (0ms)
			CreateAndSetChildDomain (164ms)
		EndReloadAssembly (4959ms)
			LoadAssemblies (343ms)
			RebuildTransferFunctionScriptingTraits (0ms)
			SetupTypeCache (1166ms)
			ReleaseScriptCaches (2ms)
			RebuildScriptCaches (259ms)
			SetupLoadedEditorAssemblies (2561ms)
				LogAssemblyErrors (0ms)
				InitializePlatformSupportModulesInManaged (82ms)
				SetLoadedEditorAssemblies (3ms)
				RefreshPlugins (2ms)
				BeforeProcessingInitializeOnLoad (373ms)
				ProcessInitializeOnLoadAttributes (1626ms)
				ProcessInitializeOnLoadMethodAttributes (239ms)
				AfterProcessingInitializeOnLoad (225ms)
				EditorAssembliesLoaded (12ms)
			ExecutionOrderSort2 (0ms)
			AwakeInstancesAfterBackupRestoration (123ms)
Platform modules already initialized, skipping
========================================================================
Worker process is ready to serve import requests
Launched and connected shader compiler UnityShaderCompiler.exe after 1.02 seconds
Refreshing native plugins compatible for Editor in 1.35 ms, found 2 plugins.
Preloading 0 native plugins for Editor in 0.00 ms.
Unloading 1812 Unused Serialized files (Serialized files now loaded: 0)
Unloading 20 unused Assets / (55.7 KB). Loaded Objects now: 2282.
Memory consumption went from 77.9 MB to 77.8 MB.
Total: 18.288600 ms (FindLiveObjects: 0.512200 ms CreateObjectMapping: 0.393100 ms MarkObjects: 17.120900 ms  DeleteObjects: 0.258800 ms)

AssetImportParameters requested are different than current active one (requested -> active):
  custom:video-decoder-ogg-theora: a1e56fd34408186e4bbccfd4996cb3dc -> 
  custom:container-muxer-webm: aa71ff27fc2769a1b78a27578f13a17b -> 
  custom:container-demuxer-webm: 4f35f7cbe854078d1ac9338744f61a02 -> 
  custom:video-encoder-webm-vp8: eb34c28f22e8b96e1ab97ce403110664 -> 
  custom:audio-encoder-webm-vorbis: bf7c407c2cedff20999df2af8eb42d56 -> 
  custom:framework-win-MediaFoundation: 216162199b28c13a410421893ffa2e32 -> 
  custom:container-demuxer-ogg: 62fdf1f143b41e24485cea50d1cbac27 -> 
  custom:video-decoder-webm-vp8: 9c59270c3fd7afecdb556c50c9e8de78 -> 
  custom:audio-decoder-ogg-vorbis: bf7c407c2cedff20999df2af8eb42d56 -> 
========================================================================
Received Import Request.
  Time since last request: 16321.621881 seconds.
  path: Assets/ring3ss.JPG
  artifactKey: Guid(d4d2474544890254da39fa2077f4180e) Importer(815301076,1909f56bfc062723c751e8b465ee728b)
Start importing Assets/ring3ss.JPG using Guid(d4d2474544890254da39fa2077f4180e) Importer(815301076,1909f56bfc062723c751e8b465ee728b)  -> (artifact id: '046cc158cd3547216e9a56b9746cf188') in 2.388184 seconds 
========================================================================
Received Import Request.
  Time since last request: 0.000070 seconds.
  path: Assets/ring2ss.JPG
  artifactKey: Guid(30bff476ea7cfb947a2e04b5076b6876) Importer(815301076,1909f56bfc062723c751e8b465ee728b)
Start importing Assets/ring2ss.JPG using Guid(30bff476ea7cfb947a2e04b5076b6876) Importer(815301076,1909f56bfc062723c751e8b465ee728b)  -> (artifact id: '81b3c2a0f69179bb5dfb2a3fe11bf894') in 0.073815 seconds 
========================================================================
Received Import Request.
  Time since last request: 0.000135 seconds.
  path: Assets/help_arzara.jpeg
  artifactKey: Guid(827fa776537f7ac4d92a95b684a596dc) Importer(815301076,1909f56bfc062723c751e8b465ee728b)
Start importing Assets/help_arzara.jpeg using Guid(827fa776537f7ac4d92a95b684a596dc) Importer(815301076,1909f56bfc062723c751e8b465ee728b)  -> (artifact id: '8e2fc91f3cac3febed3945407e5f6bc6') in 3.338125 seconds 
========================================================================
Received Prepare
Refreshing native plugins compatible for Editor in 1093.99 ms, found 2 plugins.
Preloading 0 native plugins for Editor in 0.00 ms.
Unloading 13 Unused Serialized files (Serialized files now loaded: 0)
Unloading 12 unused Assets / (29.0 KB). Loaded Objects now: 2296.
Memory consumption went from 45.0 MB to 45.0 MB.
Total: 4581.253900 ms (FindLiveObjects: 967.535300 ms CreateObjectMapping: 0.487700 ms MarkObjects: 3612.990700 ms  DeleteObjects: 0.233300 ms)

AssetImportParameters requested are different than current active one (requested -> active):
  custom:video-decoder-ogg-theora: a1e56fd34408186e4bbccfd4996cb3dc -> 
  custom:container-muxer-webm: aa71ff27fc2769a1b78a27578f13a17b -> 
  custom:container-demuxer-webm: 4f35f7cbe854078d1ac9338744f61a02 -> 
  custom:video-encoder-webm-vp8: eb34c28f22e8b96e1ab97ce403110664 -> 
  custom:audio-encoder-webm-vorbis: bf7c407c2cedff20999df2af8eb42d56 -> 
  custom:framework-win-MediaFoundation: 216162199b28c13a410421893ffa2e32 -> 
  custom:container-demuxer-ogg: 62fdf1f143b41e24485cea50d1cbac27 -> 
  custom:video-decoder-webm-vp8: 9c59270c3fd7afecdb556c50c9e8de78 -> 
  custom:audio-decoder-ogg-vorbis: bf7c407c2cedff20999df2af8eb42d56 -> 
========================================================================
Received Prepare
Registering precompiled user dll's ...
Registered in 0.063211 seconds.
Begin MonoManager ReloadAssembly
Native extension for WindowsStandalone target not found
Native extension for Android target not found
Native extension for WebGL target not found
Refreshing native plugins compatible for Editor in 1.93 ms, found 2 plugins.
Preloading 0 native plugins for Editor in 0.00 ms.
Mono: successfully reloaded assembly
- Completed reload, in 17.079 seconds
Domain Reload Profiling:
	ReloadAssembly (17088ms)
		BeginReloadAssembly (1349ms)
			ExecutionOrderSort (0ms)
			DisableScriptedObjects (74ms)
			BackupInstance (0ms)
			ReleaseScriptingObjects (0ms)
			CreateAndSetChildDomain (469ms)
		EndReloadAssembly (14642ms)
			LoadAssemblies (783ms)
			RebuildTransferFunctionScriptingTraits (1ms)
			SetupTypeCache (3658ms)
			ReleaseScriptCaches (6ms)
			RebuildScriptCaches (3941ms)
			SetupLoadedEditorAssemblies (4724ms)
				LogAssemblyErrors (0ms)
				InitializePlatformSupportModulesInManaged (410ms)
				SetLoadedEditorAssemblies (6ms)
				RefreshPlugins (2ms)
				BeforeProcessingInitializeOnLoad (705ms)
				ProcessInitializeOnLoadAttributes (2483ms)
				ProcessInitializeOnLoadMethodAttributes (950ms)
				AfterProcessingInitializeOnLoad (166ms)
				EditorAssembliesLoaded (1ms)
			ExecutionOrderSort2 (0ms)
			AwakeInstancesAfterBackupRestoration (11ms)
Platform modules already initialized, skipping
Refreshing native plugins compatible for Editor in 6.38 ms, found 2 plugins.
Preloading 0 native plugins for Editor in 0.00 ms.
Unloading 1794 Unused Serialized files (Serialized files now loaded: 0)
Unloading 12 unused Assets / (31.7 KB). Loaded Objects now: 2300.
Memory consumption went from 80.6 MB to 80.5 MB.
Total: 18.175800 ms (FindLiveObjects: 0.885800 ms CreateObjectMapping: 0.249700 ms MarkObjects: 16.973700 ms  DeleteObjects: 0.063800 ms)

AssetImportParameters requested are different than current active one (requested -> active):
  custom:video-decoder-ogg-theora: a1e56fd34408186e4bbccfd4996cb3dc -> 
  custom:container-muxer-webm: aa71ff27fc2769a1b78a27578f13a17b -> 
  custom:container-demuxer-webm: 4f35f7cbe854078d1ac9338744f61a02 -> 
  custom:video-encoder-webm-vp8: eb34c28f22e8b96e1ab97ce403110664 -> 
  custom:audio-encoder-webm-vorbis: bf7c407c2cedff20999df2af8eb42d56 -> 
  custom:framework-win-MediaFoundation: 216162199b28c13a410421893ffa2e32 -> 
  custom:container-demuxer-ogg: 62fdf1f143b41e24485cea50d1cbac27 -> 
  custom:video-decoder-webm-vp8: 9c59270c3fd7afecdb556c50c9e8de78 -> 
  custom:audio-decoder-ogg-vorbis: bf7c407c2cedff20999df2af8eb42d56 -> 
========================================================================
Received Import Request.
  Time since last request: 938.195007 seconds.
  path: Assets/Diamond_Wedding_Ring_v1_L3.123c2e6d40a5-3907-48a1-98db-454d0e5d37c6/13506_Diamond_Wedding_Ring_ring_diff - Copy.jpg
  artifactKey: Guid(7ac4b4a2c796908408598a57c373fda1) Importer(815301076,1909f56bfc062723c751e8b465ee728b)
Start importing Assets/Diamond_Wedding_Ring_v1_L3.123c2e6d40a5-3907-48a1-98db-454d0e5d37c6/13506_Diamond_Wedding_Ring_ring_diff - Copy.jpg using Guid(7ac4b4a2c796908408598a57c373fda1) Importer(815301076,1909f56bfc062723c751e8b465ee728b)  -> (artifact id: '2c2d32f38dc5f6b913fad0696c3662ea') in 0.780800 seconds 
========================================================================
Received Import Request.
  Time since last request: 0.000076 seconds.
  path: Assets/TextMesh Pro/Examples _ Extras/Sprites/Default Sprites.png
  artifactKey: Guid(a0fc465d6cf04254a2938578735e2383) Importer(815301076,1909f56bfc062723c751e8b465ee728b)
Start importing Assets/TextMesh Pro/Examples _ Extras/Sprites/Default Sprites.png using Guid(a0fc465d6cf04254a2938578735e2383) Importer(815301076,1909f56bfc062723c751e8b465ee728b)  -> (artifact id: '3b640a6839e2040fbf20af1552bd4971') in 0.300828 seconds 
========================================================================
Received Import Request.
  Time since last request: 0.000086 seconds.
  path: Assets/TextMesh Pro/Examples _ Extras/Textures/Brushed Metal 3.jpg
  artifactKey: Guid(f88677df267a41d6be1e7a6133e7d227) Importer(815301076,1909f56bfc062723c751e8b465ee728b)
Start importing Assets/TextMesh Pro/Examples _ Extras/Textures/Brushed Metal 3.jpg using Guid(f88677df267a41d6be1e7a6133e7d227) Importer(815301076,1909f56bfc062723c751e8b465ee728b)  -> (artifact id: 'f53aa95a9a0e6fd63e8b7e9c0cb798e9') in 0.094002 seconds 
========================================================================
Received Import Request.
  Time since last request: 0.000105 seconds.
  path: Assets/Editor/Vuforia/ImageTargetTextures/ringMinorProject/arzaraQRcode_scaled.jpg
  artifactKey: Guid(ef79adbaa5ed44fba15985bdb7416e4c) Importer(815301076,1909f56bfc062723c751e8b465ee728b)
Start importing Assets/Editor/Vuforia/ImageTargetTextures/ringMinorProject/arzaraQRcode_scaled.jpg using Guid(ef79adbaa5ed44fba15985bdb7416e4c) Importer(815301076,1909f56bfc062723c751e8b465ee728b)  -> (artifact id: '458c034199400c0925a738f03bb09522') in 0.053336 seconds 
========================================================================
Received Import Request.
  Time since last request: 0.000070 seconds.
  path: Assets/TextMesh Pro/Examples _ Extras/Resources/Fonts _ Materials/Bangers SDF.asset
  artifactKey: Guid(125cb55b44b24c4393181402bc6200e6) Importer(815301076,1909f56bfc062723c751e8b465ee728b)
Start importing Assets/TextMesh Pro/Examples _ Extras/Resources/Fonts _ Materials/Bangers SDF.asset using Guid(125cb55b44b24c4393181402bc6200e6) Importer(815301076,1909f56bfc062723c751e8b465ee728b)  -> (artifact id: '24785170cb23af1e933ece2a217bfb0f') in 0.996247 seconds 
========================================================================
Received Import Request.
  Time since last request: 0.000103 seconds.
  path: Assets/TextMesh Pro/Examples _ Extras/Fonts/Oswald-Bold.ttf
  artifactKey: Guid(c9f6d0e7bc8541498c9a4799ba184ede) Importer(815301076,1909f56bfc062723c751e8b465ee728b)
Start importing Assets/TextMesh Pro/Examples _ Extras/Fonts/Oswald-Bold.ttf using Guid(c9f6d0e7bc8541498c9a4799ba184ede) Importer(815301076,1909f56bfc062723c751e8b465ee728b)  -> (artifact id: '64c0618dba56d2a8525a5e25ea60fc79') in 2.791907 seconds 
========================================================================
Received Import Request.
  Time since last request: 0.000084 seconds.
  path: Assets/Editor/Vuforia/ImageTargetTextures/VuforiaMars_Images/MarsBox.Right_scaled.jpg
  artifactKey: Guid(a39240edce7bd3940867ccf14ba4270b) Importer(815301076,1909f56bfc062723c751e8b465ee728b)
Start importing Assets/Editor/Vuforia/ImageTargetTextures/VuforiaMars_Images/MarsBox.Right_scaled.jpg using Guid(a39240edce7bd3940867ccf14ba4270b) Importer(815301076,1909f56bfc062723c751e8b465ee728b)  -> (artifact id: '6e07fafca2e6806379c71168d3fe2e44') in 1.513797 seconds 
========================================================================
Received Import Request.
  Time since last request: 0.033002 seconds.
  path: Assets/Editor/Vuforia/ImageTargetTextures/VuforiaMars_Images/MarsBox.Front_scaled.jpg
  artifactKey: Guid(d66032d25cff61c4585c2f395d4f6a3c) Importer(815301076,1909f56bfc062723c751e8b465ee728b)
Start importing Assets/Editor/Vuforia/ImageTargetTextures/VuforiaMars_Images/MarsBox.Front_scaled.jpg using Guid(d66032d25cff61c4585c2f395d4f6a3c) Importer(815301076,1909f56bfc062723c751e8b465ee728b)  -> (artifact id: '26790149ce239ebf8ef6dc1f23583dc1') in 0.140166 seconds 
========================================================================
Received Import Request.
  Time since last request: 0.000086 seconds.
  path: Assets/TextMesh Pro/Examples _ Extras/Textures/Gradient Diagonal (Color).jpg
  artifactKey: Guid(2ce5c55e85304b819a1826ecbc839aa5) Importer(815301076,1909f56bfc062723c751e8b465ee728b)
Start importing Assets/TextMesh Pro/Examples _ Extras/Textures/Gradient Diagonal (Color).jpg using Guid(2ce5c55e85304b819a1826ecbc839aa5) Importer(815301076,1909f56bfc062723c751e8b465ee728b)  -> (artifact id: 'b6b657f0aa860b4616d35a0269634677') in 0.563026 seconds 
========================================================================
Received Import Request.
  Time since last request: 0.000094 seconds.
  path: Assets/TextMesh Pro/Resources/Fonts _ Materials/LiberationSans SDF - Fallback.asset
  artifactKey: Guid(2e498d1c8094910479dc3e1b768306a4) Importer(815301076,1909f56bfc062723c751e8b465ee728b)
Start importing Assets/TextMesh Pro/Resources/Fonts _ Materials/LiberationSans SDF - Fallback.asset using Guid(2e498d1c8094910479dc3e1b768306a4) Importer(815301076,1909f56bfc062723c751e8b465ee728b)  -> (artifact id: 'ca0ff4caf871e4275e22a878c0084620') in 0.410081 seconds 
========================================================================
Received Import Request.
  Time since last request: 0.010039 seconds.
  path: Assets/Editor/Vuforia/ImageTargetTextures/VuforiaMars_Images/MarsBox.Bottom_scaled.jpg
  artifactKey: Guid(33aedae9989557c4298ce94822d5745e) Importer(815301076,1909f56bfc062723c751e8b465ee728b)
Start importing Assets/Editor/Vuforia/ImageTargetTextures/VuforiaMars_Images/MarsBox.Bottom_scaled.jpg using Guid(33aedae9989557c4298ce94822d5745e) Importer(815301076,1909f56bfc062723c751e8b465ee728b)  -> (artifact id: '1bac84f3198fc22d44ab7771aa82390a') in 1.959352 seconds 
========================================================================
Received Import Request.
  Time since last request: 0.109427 seconds.
  path: Assets/Editor/Vuforia/ImageTargetTextures/VuforiaMars_Images/Astronaut_scaled.jpg
  artifactKey: Guid(77fb44a366db5cb41b8c06649271f8e6) Importer(815301076,1909f56bfc062723c751e8b465ee728b)
Start importing Assets/Editor/Vuforia/ImageTargetTextures/VuforiaMars_Images/Astronaut_scaled.jpg using Guid(77fb44a366db5cb41b8c06649271f8e6) Importer(815301076,1909f56bfc062723c751e8b465ee728b)  -> (artifact id: 'a9071b72ecc348aa13f235fe6ce716d3') in 2.189253 seconds 
========================================================================
Received Import Request.
  Time since last request: 0.000207 seconds.
  path: Assets/TextMesh Pro/Resources/Fonts _ Materials/LiberationSans SDF.asset
  artifactKey: Guid(8f586378b4e144a9851e7b34d9b748ee) Importer(815301076,1909f56bfc062723c751e8b465ee728b)
Start importing Assets/TextMesh Pro/Resources/Fonts _ Materials/LiberationSans SDF.asset using Guid(8f586378b4e144a9851e7b34d9b748ee) Importer(815301076,1909f56bfc062723c751e8b465ee728b)  -> (artifact id: '0f285c3538f47d9ba22aedde531f2d82') in 1.616704 seconds 
========================================================================
Received Prepare
Refreshing native plugins compatible for Editor in 18.50 ms, found 2 plugins.
Preloading 0 native plugins for Editor in 0.00 ms.
Unloading 13 Unused Serialized files (Serialized files now loaded: 0)
Unloading 12 unused Assets / (29.1 KB). Loaded Objects now: 2345.
Memory consumption went from 45.6 MB to 45.5 MB.
Total: 24.083300 ms (FindLiveObjects: 2.854900 ms CreateObjectMapping: 0.532900 ms MarkObjects: 20.627900 ms  DeleteObjects: 0.063700 ms)

AssetImportParameters requested are different than current active one (requested -> active):
  custom:video-decoder-ogg-theora: a1e56fd34408186e4bbccfd4996cb3dc -> 
  custom:container-muxer-webm: aa71ff27fc2769a1b78a27578f13a17b -> 
  custom:container-demuxer-webm: 4f35f7cbe854078d1ac9338744f61a02 -> 
  custom:video-encoder-webm-vp8: eb34c28f22e8b96e1ab97ce403110664 -> 
  custom:audio-encoder-webm-vorbis: bf7c407c2cedff20999df2af8eb42d56 -> 
  custom:framework-win-MediaFoundation: 216162199b28c13a410421893ffa2e32 -> 
  custom:container-demuxer-ogg: 62fdf1f143b41e24485cea50d1cbac27 -> 
  custom:video-decoder-webm-vp8: 9c59270c3fd7afecdb556c50c9e8de78 -> 
  custom:audio-decoder-ogg-vorbis: bf7c407c2cedff20999df2af8eb42d56 -> 
========================================================================
Received Prepare
Registering precompiled user dll's ...
Registered in 0.031784 seconds.
Begin MonoManager ReloadAssembly
Native extension for WindowsStandalone target not found
Native extension for Android target not found
Native extension for WebGL target not found
Refreshing native plugins compatible for Editor in 4.89 ms, found 2 plugins.
Preloading 0 native plugins for Editor in 0.00 ms.
Mono: successfully reloaded assembly
- Completed reload, in 97.164 seconds
Domain Reload Profiling:
	ReloadAssembly (97249ms)
		BeginReloadAssembly (57758ms)
			ExecutionOrderSort (1ms)
			DisableScriptedObjects (2072ms)
			BackupInstance (0ms)
			ReleaseScriptingObjects (29ms)
			CreateAndSetChildDomain (29533ms)
		EndReloadAssembly (29290ms)
			LoadAssemblies (25404ms)
			RebuildTransferFunctionScriptingTraits (2ms)
			SetupTypeCache (4176ms)
			ReleaseScriptCaches (10ms)
			RebuildScriptCaches (1050ms)
			SetupLoadedEditorAssemblies (4411ms)
				LogAssemblyErrors (0ms)
				InitializePlatformSupportModulesInManaged (525ms)
				SetLoadedEditorAssemblies (9ms)
				RefreshPlugins (5ms)
				BeforeProcessingInitializeOnLoad (756ms)
				ProcessInitializeOnLoadAttributes (2610ms)
				ProcessInitializeOnLoadMethodAttributes (432ms)
				AfterProcessingInitializeOnLoad (72ms)
				EditorAssembliesLoaded (1ms)
			ExecutionOrderSort2 (0ms)
			AwakeInstancesAfterBackupRestoration (168ms)
Platform modules already initialized, skipping
Script is not up to date after domain reload: guid(ca83b7682aa65435a846edf4bd22483d) path("Packages/com.ptc.vuforia.engine/Vuforia/Plugins/Managed/UWP/Vuforia.Unity.Wrapper.dll") state(2)
Script is not up to date after domain reload: guid(c47f92041efbb4b429a4eafca855ebe3) path("Packages/com.ptc.vuforia.engine/Vuforia/Scripts/DefaultInitializationErrorHandler.cs") state(2)
Script is not up to date after domain reload: guid(e548646b37ef29e478de7ebcfd7db81a) path("Packages/com.ptc.vuforia.engine/Vuforia/Plugins/Windows/x64/UnityDriver.dll") state(2)
Script is not up to date after domain reload: guid(a33c587a92fe09c46a59b7841dbf9883) path("Packages/com.ptc.vuforia.engine/Vuforia/Plugins/Managed/LuminGen1/Vuforia.Unity.Wrapper.dll") state(2)
Script is not up to date after domain reload: guid(6e86519b2ed7ece4cae901fc31de93cd) path("Packages/com.ptc.vuforia.engine/Vuforia/Plugins/Android/VuforiaEngine.aar") state(2)
Script is not up to date after domain reload: guid(19e5a138c07e971438b2b18c8e716479) path("Packages/com.ptc.vuforia.engine/Vuforia/Plugins/UWP/x64/VuforiaEngine.dll") state(2)
Script is not up to date after domain reload: guid(69c1fb82e4171426ea728835ae1495f8) path("Packages/com.ptc.vuforia.engine/Tests/Editor/PackageDetailsTests.cs") state(2)
Script is not up to date after domain reload: guid(2f02b8764d7e3d0478249c300d6b8b6f) path("Packages/com.ptc.vuforia.engine/Vuforia/Plugins/Managed/Editor/Vuforia.Unity.Editor.dll") state(2)
Script is not up to date after domain reload: guid(886328de6a5c14cbb85854fdf1a5085b) path("Packages/com.ptc.vuforia.engine/Vuforia/Scripts/DefaultObserverEventHandler.cs") state(2)
Script is not up to date after domain reload: guid(1e108ae5f2133934f948edded555f03e) path("Packages/com.ptc.vuforia.engine/Vuforia/Plugins/Managed/UWP/Vuforia.Unity.Engine.dll") state(2)
Script is not up to date after domain reload: guid(4bc5fd733b147194692297d23f623541) path("Packages/com.ptc.vuforia.engine/Vuforia/Plugins/Managed/LuminGen1/Vuforia.Unity.Engine.dll") state(2)
Script is not up to date after domain reload: guid(b90950afb18b9f54fbf01f6b92166f63) path("Packages/com.ptc.vuforia.engine/Vuforia/Plugins/UWP/ARM64/VuforiaEngine.dll") state(2)
Script is not up to date after domain reload: guid(9475430cd08484be5b0390a6b20be297) path("Packages/com.ptc.vuforia.engine/Vuforia/Plugins/Managed/Runtime/Vuforia.Unity.Wrapper.dll") state(2)
Script is not up to date after domain reload: guid(02018e9fe9c834e7ab5f9b08e5b63a9c) path("Packages/com.ptc.vuforia.engine/Vuforia/Scripts/Internal/ARFoundationIntegration/ARFoundationFacade.cs") state(2)
Script is not up to date after domain reload: guid(bab6fa851cf5a1a4bba3cec5f191cb8e) path("Packages/com.ptc.vuforia.engine/Vuforia/Plugins/Managed/iOS/Vuforia.Unity.Engine.dll") state(2)
Script is not up to date after domain reload: guid(af19d4b80f4fc4950b99eb9ea78ab6ef) path("Packages/com.ptc.vuforia.engine/Vuforia/Scripts/DefaultAreaTargetEventHandler.cs") state(2)
Script is not up to date after domain reload: guid(a4f4f48aa607749f4b9e83ba61aeb331) path("Packages/com.ptc.vuforia.engine/Vuforia/Plugins/Windows/x64/FileDriver.dll") state(2)
Script is not up to date after domain reload: guid(b0768a105a9bd48409a689214808185f) path("Packages/com.ptc.vuforia.engine/Vuforia/Scripts/BoundingBoxRenderer.cs") state(2)
Script is not up to date after domain reload: guid(6a6b6bef66b30cf4da56a85e98aa9524) path("Packages/com.ptc.vuforia.engine/Vuforia/Plugins/Managed/Android/Vuforia.Unity.Engine.dll") state(2)
Script is not up to date after domain reload: guid(06a6d43752a6a6440822e730bd68070c) path("Packages/com.ptc.vuforia.engine/Vuforia/Editor/Scripts/OpenSourceInitializer.cs") state(2)
Script is not up to date after domain reload: guid(eabf805d3d86f472f941474aa48d16a9) path("Packages/com.ptc.vuforia.engine/Vuforia/Plugins/Managed/Android/Vuforia.Unity.Wrapper.dll") state(2)
Script is not up to date after domain reload: guid(8a9a760f95896c34689febc965510927) path("Packages/com.ptc.vuforia.engine/Vuforia/Plugins/Managed/Runtime/Vuforia.Unity.Engine.dll") state(2)
Script is not up to date after domain reload: guid(67354e3e18c2e46239528afe5866322b) path("Packages/com.ptc.vuforia.engine/Vuforia/Editor/Scripts/DefaultObserverEventHandlerEditor.cs") state(2)
Script is not up to date after domain reload: guid(3fd01f98ebbeb44048268df52f9b2cd4) path("Packages/com.ptc.vuforia.engine/Vuforia/Plugins/Managed/iOS/Vuforia.Unity.Wrapper.dll") state(2)
Script is not up to date after domain reload: guid(f735d317ca9afb6468c5c5ca06d9e39a) path("Packages/com.ptc.vuforia.engine/Vuforia/Plugins/Windows/x64/VuforiaEngine.dll") state(2)
Script is not up to date after domain reload: guid(15e327f750b786c46a9ec3995f60c81f) path("Packages/com.ptc.vuforia.engine/Vuforia/Plugins/UWP/x86/VuforiaEngine.dll") state(2)
Script is not up to date after domain reload: guid(2540246fb3ca1c34a9358b891acb61f5) path("Packages/com.ptc.vuforia.engine/Vuforia/Scripts/Internal/RuntimeOpenSourceInitializer.cs") state(2)
Script is not up to date after domain reload: guid(27ca21468eb6b4358b575e6e26b64600) path("Packages/com.ptc.vuforia.engine/Vuforia/Plugins/iOS/VuforiaShare.mm") state(2)
Script is not up to date after domain reload: guid(df9f78ecf09390d41b56843520cff202) path("Packages/com.ptc.vuforia.engine/Vuforia/Plugins/Lumin/libVuforiaEngine.so") state(2)
Refreshing native plugins compatible for Editor in 29.52 ms, found 2 plugins.
Preloading 0 native plugins for Editor in 0.00 ms.
Unloading 1795 Unused Serialized files (Serialized files now loaded: 0)
Unloading 12 unused Assets / (31.8 KB). Loaded Objects now: 2349.
Memory consumption went from 81.0 MB to 81.0 MB.
Total: 48.107700 ms (FindLiveObjects: 2.132700 ms CreateObjectMapping: 0.389500 ms MarkObjects: 45.070000 ms  DeleteObjects: 0.509400 ms)

AssetImportParameters requested are different than current active one (requested -> active):
  custom:video-decoder-ogg-theora: a1e56fd34408186e4bbccfd4996cb3dc -> 
  custom:container-muxer-webm: aa71ff27fc2769a1b78a27578f13a17b -> 
  custom:container-demuxer-webm: 4f35f7cbe854078d1ac9338744f61a02 -> 
  custom:video-encoder-webm-vp8: eb34c28f22e8b96e1ab97ce403110664 -> 
  custom:audio-encoder-webm-vorbis: bf7c407c2cedff20999df2af8eb42d56 -> 
  custom:framework-win-MediaFoundation: 216162199b28c13a410421893ffa2e32 -> 
  custom:container-demuxer-ogg: 62fdf1f143b41e24485cea50d1cbac27 -> 
  custom:video-decoder-webm-vp8: 9c59270c3fd7afecdb556c50c9e8de78 -> 
  custom:audio-decoder-ogg-vorbis: bf7c407c2cedff20999df2af8eb42d56 -> 
========================================================================
Received Prepare
Registering precompiled user dll's ...
Registered in 0.121083 seconds.
Begin MonoManager ReloadAssembly
Native extension for WindowsStandalone target not found
Native extension for Android target not found
Native extension for WebGL target not found
Refreshing native plugins compatible for Editor in 13.60 ms, found 5 plugins.
Preloading 2 native plugins for Editor in 145.38 ms.
[Package Manager] Server::EnsureServerProcessIsRunning -- launch failed, reason: Unity was launched with the -noUpm command-line argument
[Package Manager] Cannot connect to Unity Package Manager local server
[Package Manager] Server::EnsureServerProcessIsRunning -- launch failed, reason: Unity was launched with the -noUpm command-line argument
[Package Manager] Cannot connect to Unity Package Manager local server
[Package Manager] Server::EnsureServerProcessIsRunning -- launch failed, reason: Unity was launched with the -noUpm command-line argument
[Package Manager] Cannot connect to Unity Package Manager local server
[Package Manager] Server::EnsureServerProcessIsRunning -- launch failed, reason: Unity was launched with the -noUpm command-line argument
[Package Manager] Cannot connect to Unity Package Manager local server
[Package Manager] Server::EnsureServerProcessIsRunning -- launch failed, reason: Unity was launched with the -noUpm command-line argument
[Package Manager] Cannot connect to Unity Package Manager local server
[Package Manager] Server::EnsureServerProcessIsRunning -- launch failed, reason: Unity was launched with the -noUpm command-line argument
[Package Manager] Cannot connect to Unity Package Manager local server
[Package Manager] Server::EnsureServerProcessIsRunning -- launch failed, reason: Unity was launched with the -noUpm command-line argument
[Package Manager] Cannot connect to Unity Package Manager local server
[Package Manager] Server::EnsureServerProcessIsRunning -- launch failed, reason: Unity was launched with the -noUpm command-line argument
[Package Manager] Cannot connect to Unity Package Manager local server
System.NullReferenceException: Object reference not set to an instance of an object
  at Vuforia.EditorClasses.ExtensionTypeProvider.GetVuforiaPackageAbsPath () [0x0004a] in <6566551a77a143fd9a23ac5917f89fb7>:0 
  at Vuforia.EditorClasses.ExtensionTypeProvider.IsPackageManager () [0x00000] in <6566551a77a143fd9a23ac5917f89fb7>:0 
  at Vuforia.EditorClasses.ExtensionTypeProvider.ResolvePluginType () [0x00009] in <6566551a77a143fd9a23ac5917f89fb7>:0 
  at Vuforia.EditorClasses.ExtensionTypeProvider.GetPluginType () [0x0000c] in <6566551a77a143fd9a23ac5917f89fb7>:0 
  at Vuforia.EditorClasses.VuforiaUtilities.IsVuforiaEnabledInPlayerSettings () [0x00000] in <6566551a77a143fd9a23ac5917f89fb7>:0 
  at VuforiaEnabledObserver..cctor () [0x00000] in <6566551a77a143fd9a23ac5917f89fb7>:0 
UnityEngine.StackTraceUtility:ExtractStackTrace ()
UnityEngine.DebugLogHandler:LogFormat (UnityEngine.LogType,UnityEngine.Object,string,object[])
UnityEngine.Logger:Log (UnityEngine.LogType,object)
UnityEngine.Debug:LogError (object)
UnityEditor.EditorAssemblies:ProcessInitializeOnLoadAttributes (System.Type[])

[Package Manager] Server::EnsureServerProcessIsRunning -- launch failed, reason: Unity was launched with the -noUpm command-line argument
[Package Manager] Cannot connect to Unity Package Manager local server
System.NullReferenceException: Object reference not set to an instance of an object
  at Vuforia.EditorClasses.ExtensionTypeProvider.GetVuforiaPackageAbsPath () [0x0004a] in <6566551a77a143fd9a23ac5917f89fb7>:0 
  at Vuforia.EditorClasses.ExtensionTypeProvider.IsPackageManager () [0x00000] in <6566551a77a143fd9a23ac5917f89fb7>:0 
  at Vuforia.EditorClasses.ExtensionTypeProvider.ResolvePluginType () [0x00009] in <6566551a77a143fd9a23ac5917f89fb7>:0 
  at Vuforia.EditorClasses.ExtensionTypeProvider.GetPluginType () [0x0000c] in <6566551a77a143fd9a23ac5917f89fb7>:0 
  at Vuforia.EditorClasses.VuforiaUtilities.IsVuforiaEnabledInPlayerSettings () [0x00000] in <6566551a77a143fd9a23ac5917f89fb7>:0 
  at Vuforia.EditorClasses.InitializeOnLoadVuforiaTaskRunner..cctor () [0x00015] in <6566551a77a143fd9a23ac5917f89fb7>:0 
UnityEngine.StackTraceUtility:ExtractStackTrace ()
UnityEngine.DebugLogHandler:LogFormat (UnityEngine.LogType,UnityEngine.Object,string,object[])
UnityEngine.Logger:Log (UnityEngine.LogType,object)
UnityEngine.Debug:LogError (object)
UnityEditor.EditorAssemblies:ProcessInitializeOnLoadAttributes (System.Type[])

Mono: successfully reloaded assembly
- Completed reload, in 60.303 seconds
Domain Reload Profiling:
	ReloadAssembly (66197ms)
		BeginReloadAssembly (27989ms)
			ExecutionOrderSort (1ms)
			DisableScriptedObjects (11744ms)
			BackupInstance (0ms)
			ReleaseScriptingObjects (1ms)
			CreateAndSetChildDomain (4845ms)
		EndReloadAssembly (22203ms)
			LoadAssemblies (3385ms)
			RebuildTransferFunctionScriptingTraits (0ms)
			SetupTypeCache (6230ms)
			ReleaseScriptCaches (58ms)
			RebuildScriptCaches (1447ms)
			SetupLoadedEditorAssemblies (11368ms)
				LogAssemblyErrors (0ms)
				InitializePlatformSupportModulesInManaged (1671ms)
				SetLoadedEditorAssemblies (172ms)
				RefreshPlugins (160ms)
				BeforeProcessingInitializeOnLoad (2172ms)
				ProcessInitializeOnLoadAttributes (6419ms)
				ProcessInitializeOnLoadMethodAttributes (702ms)
				AfterProcessingInitializeOnLoad (70ms)
				EditorAssembliesLoaded (2ms)
			ExecutionOrderSort2 (0ms)
			AwakeInstancesAfterBackupRestoration (157ms)
Platform modules already initialized, skipping
Shader 'Custom/PointCloudHeightClip': fallback shader 'PointClouds/PointSplatNoGeom' not found
Shader 'PointClouds/PointSplat': fallback shader 'PointClouds/PointSplatNoGeom' not found
Refreshing native plugins compatible for Editor in 511.54 ms, found 5 plugins.
Preloading 2 native plugins for Editor in 0.59 ms.
Unloading 1845 Unused Serialized files (Serialized files now loaded: 0)
Unloading 53 unused Assets / (1.6 MB). Loaded Objects now: 2718.
Memory consumption went from 86.4 MB to 84.8 MB.
Total: 92.386400 ms (FindLiveObjects: 9.154000 ms CreateObjectMapping: 1.302200 ms MarkObjects: 76.252800 ms  DeleteObjects: 5.672600 ms)

AssetImportParameters requested are different than current active one (requested -> active):
  custom:video-decoder-ogg-theora: a1e56fd34408186e4bbccfd4996cb3dc -> 
  custom:container-muxer-webm: aa71ff27fc2769a1b78a27578f13a17b -> 
  custom:container-demuxer-webm: 4f35f7cbe854078d1ac9338744f61a02 -> 
  custom:video-encoder-webm-vp8: eb34c28f22e8b96e1ab97ce403110664 -> 
  custom:audio-encoder-webm-vorbis: bf7c407c2cedff20999df2af8eb42d56 -> 
  custom:framework-win-MediaFoundation: 216162199b28c13a410421893ffa2e32 -> 
  custom:container-demuxer-ogg: 62fdf1f143b41e24485cea50d1cbac27 -> 
  custom:video-decoder-webm-vp8: 9c59270c3fd7afecdb556c50c9e8de78 -> 
  custom:audio-decoder-ogg-vorbis: bf7c407c2cedff20999df2af8eb42d56 -> 
========================================================================
Received Import Request.
  Time since last request: 1258.365437 seconds.
  path: Assets/menuBackground.jpg
  artifactKey: Guid(6ed872c640db00b41bf118d73282f08c) Importer(815301076,1909f56bfc062723c751e8b465ee728b)
Start importing Assets/menuBackground.jpg using Guid(6ed872c640db00b41bf118d73282f08c) Importer(815301076,1909f56bfc062723c751e8b465ee728b)  -> (artifact id: '4de42204834d591e88d26dbe76dc94dd') in 7.407953 seconds 
========================================================================
Received Prepare
Refreshing native plugins compatible for Editor in 143.17 ms, found 5 plugins.
Preloading 2 native plugins for Editor in 2.15 ms.
Unloading 54 Unused Serialized files (Serialized files now loaded: 0)
Unloading 53 unused Assets / (1.6 MB). Loaded Objects now: 2722.
Memory consumption went from 50.6 MB to 49.0 MB.
Total: 393.758800 ms (FindLiveObjects: 2.703300 ms CreateObjectMapping: 0.396800 ms MarkObjects: 388.085500 ms  DeleteObjects: 2.568300 ms)

AssetImportParameters requested are different than current active one (requested -> active):
  custom:video-decoder-ogg-theora: a1e56fd34408186e4bbccfd4996cb3dc -> 
  custom:container-muxer-webm: aa71ff27fc2769a1b78a27578f13a17b -> 
  custom:container-demuxer-webm: 4f35f7cbe854078d1ac9338744f61a02 -> 
  custom:video-encoder-webm-vp8: eb34c28f22e8b96e1ab97ce403110664 -> 
  custom:audio-encoder-webm-vorbis: bf7c407c2cedff20999df2af8eb42d56 -> 
  custom:framework-win-MediaFoundation: 216162199b28c13a410421893ffa2e32 -> 
  custom:container-demuxer-ogg: 62fdf1f143b41e24485cea50d1cbac27 -> 
  custom:video-decoder-webm-vp8: 9c59270c3fd7afecdb556c50c9e8de78 -> 
  custom:audio-decoder-ogg-vorbis: bf7c407c2cedff20999df2af8eb42d56 -> 
========================================================================
Received Import Request.
  Time since last request: 1155.117002 seconds.
  path: Assets/Diamond_Wedding_Ring_v1_L3.123c2e6d40a5-3907-48a1-98db-454d0e5d37c6/13506_Diamond_Wedding_Ring_ring_diff - Copy.jpg
  artifactKey: Guid(7ac4b4a2c796908408598a57c373fda1) Importer(815301076,1909f56bfc062723c751e8b465ee728b)
Start importing Assets/Diamond_Wedding_Ring_v1_L3.123c2e6d40a5-3907-48a1-98db-454d0e5d37c6/13506_Diamond_Wedding_Ring_ring_diff - Copy.jpg using Guid(7ac4b4a2c796908408598a57c373fda1) Importer(815301076,1909f56bfc062723c751e8b465ee728b)  -> (artifact id: 'a282ef1160277e2a6a1d04cd197a0ddf') in 1.954537 seconds 
========================================================================
Received Import Request.
  Time since last request: 0.000956 seconds.
  path: Assets/Diamond_Wedding_Ring_v1_L3.123c2e6d40a5-3907-48a1-98db-454d0e5d37c6/13506_Diamond_Wedding_Ring_ring_diff.jpg
  artifactKey: Guid(2e4007041689979498dffe05e0d5278c) Importer(815301076,1909f56bfc062723c751e8b465ee728b)
Start importing Assets/Diamond_Wedding_Ring_v1_L3.123c2e6d40a5-3907-48a1-98db-454d0e5d37c6/13506_Diamond_Wedding_Ring_ring_diff.jpg using Guid(2e4007041689979498dffe05e0d5278c) Importer(815301076,1909f56bfc062723c751e8b465ee728b)  -> (artifact id: '370895efa52b2907803779677095495c') in 0.137134 seconds 
========================================================================
Received Import Request.
  Time since last request: 526.877881 seconds.
  path: Assets/RingScene.unity
  artifactKey: Guid(ae36f13e49d803941874b49d4066e5ac) Importer(815301076,1909f56bfc062723c751e8b465ee728b)
Start importing Assets/RingScene.unity using Guid(ae36f13e49d803941874b49d4066e5ac) Importer(815301076,1909f56bfc062723c751e8b465ee728b)  -> (artifact id: '9ec78dcf8def21c0059d5bdebb7b1abd') in 0.101517 seconds 
========================================================================
Received Prepare
Refreshing native plugins compatible for Editor in 342.10 ms, found 5 plugins.
Preloading 2 native plugins for Editor in 5.91 ms.
Unloading 54 Unused Serialized files (Serialized files now loaded: 0)
Unloading 53 unused Assets / (1.6 MB). Loaded Objects now: 2722.
Memory consumption went from 50.6 MB to 49.0 MB.
Total: 1044.280400 ms (FindLiveObjects: 2.660300 ms CreateObjectMapping: 0.765200 ms MarkObjects: 1034.918200 ms  DeleteObjects: 5.932100 ms)

AssetImportParameters requested are different than current active one (requested -> active):
  custom:video-decoder-ogg-theora: a1e56fd34408186e4bbccfd4996cb3dc -> 
  custom:container-muxer-webm: aa71ff27fc2769a1b78a27578f13a17b -> 
  custom:container-demuxer-webm: 4f35f7cbe854078d1ac9338744f61a02 -> 
  custom:video-encoder-webm-vp8: eb34c28f22e8b96e1ab97ce403110664 -> 
  custom:audio-encoder-webm-vorbis: bf7c407c2cedff20999df2af8eb42d56 -> 
  custom:framework-win-MediaFoundation: 216162199b28c13a410421893ffa2e32 -> 
  custom:container-demuxer-ogg: 62fdf1f143b41e24485cea50d1cbac27 -> 
  custom:video-decoder-webm-vp8: 9c59270c3fd7afecdb556c50c9e8de78 -> 
  custom:audio-decoder-ogg-vorbis: bf7c407c2cedff20999df2af8eb42d56 -> 
========================================================================
Received Prepare
Refreshing native plugins compatible for Editor in 94.40 ms, found 5 plugins.
Preloading 2 native plugins for Editor in 1.14 ms.
Unloading 54 Unused Serialized files (Serialized files now loaded: 0)
Unloading 53 unused Assets / (1.6 MB). Loaded Objects now: 2722.
Memory consumption went from 50.6 MB to 49.0 MB.
Total: 1416.433700 ms (FindLiveObjects: 125.641300 ms CreateObjectMapping: 0.310500 ms MarkObjects: 1267.871100 ms  DeleteObjects: 22.603600 ms)

AssetImportParameters requested are different than current active one (requested -> active):
  custom:video-decoder-ogg-theora: a1e56fd34408186e4bbccfd4996cb3dc -> 
  custom:container-muxer-webm: aa71ff27fc2769a1b78a27578f13a17b -> 
  custom:container-demuxer-webm: 4f35f7cbe854078d1ac9338744f61a02 -> 
  custom:video-encoder-webm-vp8: eb34c28f22e8b96e1ab97ce403110664 -> 
  custom:audio-encoder-webm-vorbis: bf7c407c2cedff20999df2af8eb42d56 -> 
  custom:framework-win-MediaFoundation: 216162199b28c13a410421893ffa2e32 -> 
  custom:container-demuxer-ogg: 62fdf1f143b41e24485cea50d1cbac27 -> 
  custom:video-decoder-webm-vp8: 9c59270c3fd7afecdb556c50c9e8de78 -> 
  custom:audio-decoder-ogg-vorbis: bf7c407c2cedff20999df2af8eb42d56 -> 
========================================================================
Received Prepare
Refreshing native plugins compatible for Editor in 48.02 ms, found 5 plugins.
Preloading 2 native plugins for Editor in 0.45 ms.
Unloading 54 Unused Serialized files (Serialized files now loaded: 0)
Unloading 53 unused Assets / (1.6 MB). Loaded Objects now: 2722.
Memory consumption went from 50.6 MB to 49.0 MB.
Total: 42.214900 ms (FindLiveObjects: 0.977400 ms CreateObjectMapping: 0.368900 ms MarkObjects: 38.016500 ms  DeleteObjects: 2.846300 ms)

AssetImportParameters requested are different than current active one (requested -> active):
  custom:video-decoder-ogg-theora: a1e56fd34408186e4bbccfd4996cb3dc -> 
  custom:container-muxer-webm: aa71ff27fc2769a1b78a27578f13a17b -> 
  custom:container-demuxer-webm: 4f35f7cbe854078d1ac9338744f61a02 -> 
  custom:video-encoder-webm-vp8: eb34c28f22e8b96e1ab97ce403110664 -> 
  custom:audio-encoder-webm-vorbis: bf7c407c2cedff20999df2af8eb42d56 -> 
  custom:framework-win-MediaFoundation: 216162199b28c13a410421893ffa2e32 -> 
  custom:container-demuxer-ogg: 62fdf1f143b41e24485cea50d1cbac27 -> 
  custom:video-decoder-webm-vp8: 9c59270c3fd7afecdb556c50c9e8de78 -> 
  custom:audio-decoder-ogg-vorbis: bf7c407c2cedff20999df2af8eb42d56 -> 
